<?xml version="1.0" encoding="UTF-8"?>
<!-- Generated by org.testng.reporters.JUnitReportReporter -->
<testsuite skipped="0" hostname="DESKTOP-6SESIFH" name="selenium.FindElements_Name" tests="2" failures="0" timestamp="2021-02-01T18:06:43 IST" time="34.027" errors="0">
  <testcase name="GadgetAutomation" time="17.182" classname="selenium.FindElements_Name"/>
  <system-out/>
  <testcase name="GadgetAutomation" time="16.845" classname="selenium.FindElements_Name"/>
  <system-out/>
</testsuite> <!-- selenium.FindElements_Name -->
